app/build/intermediates/manifest_merge_blame_file/debug/manifest-merger-blame-debug-report.txt
1<?xml version="1.0" encoding="utf-8"?>
2<manifest xmlns:android="http://schemas.android.com/apk/res/android"
3    package="de.thkoeln.cvogt.android.menus"
4    android:versionCode="1"
5    android:versionName="1.0" >
6
7    <uses-sdk
8        android:minSdkVersion="16"
8-->src\main\AndroidManifest.xml
9        android:targetSdkVersion="23" />
9-->src\main\AndroidManifest.xml
10
11    <application
11-->src\main\AndroidManifest.xml:7:5-20:19
12        android:allowBackup="true"
12-->src\main\AndroidManifest.xml:8:9-35
13        android:debuggable="true"
14        android:icon="@drawable/icon_thk_android"
14-->src\main\AndroidManifest.xml:9:9-50
15        android:label="@string/app_name"
15-->src\main\AndroidManifest.xml:10:9-41
16        android:testOnly="true"
17        android:theme="@style/AppTheme" >
17-->src\main\AndroidManifest.xml:11:9-40
18
19        <!-- Zur Wahl des Themes siehe Kommentar in menu_alpha.xml -->
20        <activity android:name="de.thkoeln.cvogt.android.menus.MainActivity" >
20-->src\main\AndroidManifest.xml:13:9-19:20
20-->src\main\AndroidManifest.xml:14:13-71
21            <intent-filter android:label="@string/app_name" >
21-->src\main\AndroidManifest.xml:15:13-18:29
21-->src\main\AndroidManifest.xml:15:28-60
22                <action android:name="android.intent.action.MAIN" />
22-->src\main\AndroidManifest.xml:16:17-69
22-->src\main\AndroidManifest.xml:16:25-66
23
24                <category android:name="android.intent.category.LAUNCHER" />
24-->src\main\AndroidManifest.xml:17:17-77
24-->src\main\AndroidManifest.xml:17:27-74
25            </intent-filter>
26        </activity>
27    </application>
28
29</manifest>